#
# There is insufficient memory for the Java Runtime Environment to continue.
# Native memory allocation (malloc) failed to allocate 32744 bytes for ChunkPool::allocate
# Possible reasons:
#   The system is out of physical RAM or swap space
#   In 32 bit mode, the process size limit was hit
# Possible solutions:
#   Reduce memory load on the system
#   Increase physical memory or swap space
#   Check if swap backing store is full
#   Use 64 bit Java on a 64 bit OS
#   Decrease Java heap size (-Xmx/-Xms)
#   Decrease number of Java threads
#   Decrease Java thread stack sizes (-Xss)
#   Set larger code cache with -XX:ReservedCodeCacheSize=
# This output file may be truncated or incomplete.
#
#  Out of Memory Error (allocation.cpp:273), pid=20564, tid=0x000000000000056c
#
# JRE version: OpenJDK Runtime Environment (8.0_152-b02) (build 1.8.0_152-release-1024-b02)
# Java VM: OpenJDK 64-Bit Server VM (25.152-b02 mixed mode windows-amd64 compressed oops)
# Failed to write core dump. Minidumps are not enabled by default on client versions of Windows
#

---------------  T H R E A D  ---------------

Current thread (0x0000000016998000):  JavaThread "C2 CompilerThread0" daemon [_thread_in_native, id=1388, stack(0x0000000018350000,0x0000000018450000)]

Stack: [0x0000000018350000,0x0000000018450000]
[error occurred during error reporting (printing stack bounds), id 0xc0000005]

Native frames: (J=compiled Java code, j=interpreted, Vv=VM code, C=native code)


Current CompileTask:
C2: 927997 18099       4       java.util.TimSort::mergeHi (732 bytes)


---------------  P R O C E S S  ---------------

Java Threads: ( => current thread )
  0x000000001bd85800 JavaThread "ForkJoinPool-2-worker-0" daemon [_thread_blocked, id=14716, stack(0x0000000028980000,0x0000000028a80000)]
  0x000000001bd85000 JavaThread "ForkJoinPool-2-worker-1" daemon [_thread_blocked, id=25508, stack(0x0000000028880000,0x0000000028980000)]
  0x000000001bd80800 JavaThread "ForkJoinPool.commonPool-worker-2" daemon [_thread_blocked, id=4424, stack(0x0000000028180000,0x0000000028280000)]
  0x000000001bd83800 JavaThread "ForkJoinPool.commonPool-worker-1" daemon [_thread_blocked, id=18268, stack(0x0000000028080000,0x0000000028180000)]
  0x000000001bd87000 JavaThread "ForkJoinPool.commonPool-worker-0" daemon [_thread_in_Java, id=21648, stack(0x0000000027f80000,0x0000000028080000)]
  0x000000001bd7c800 JavaThread "Cache worker for Java compile cache (C:\Users\Public\Documents\AndroidStudioProjects\NationalEscape\.gradle\4.4\javaCompile)" [_thread_blocked, id=21628, stack(0x0000000027e80000,0x0000000027f80000)]
  0x000000001bd82000 JavaThread "Task worker for ':' Thread 3" [_thread_blocked, id=12180, stack(0x0000000027780000,0x0000000027880000)]
  0x000000001bd7a800 JavaThread "Task worker for ':' Thread 2" [_thread_blocked, id=4260, stack(0x0000000027680000,0x0000000027780000)]
  0x000000001bdac800 JavaThread "Task worker for ':'" [_thread_blocked, id=24308, stack(0x0000000027580000,0x0000000027680000)]
  0x000000001bdab800 JavaThread "Cache worker for Build Output Cleanup Cache (C:\Users\Public\Documents\AndroidStudioProjects\NationalEscape\.gradle\buildOutputCleanup)" [_thread_blocked, id=24824, stack(0x0000000027480000,0x0000000027580000)]
  0x000000001bda9000 JavaThread "Cache worker for task history cache (C:\Users\Public\Documents\AndroidStudioProjects\NationalEscape\.gradle\4.4\taskHistory)" [_thread_blocked, id=12360, stack(0x0000000027380000,0x0000000027480000)]
  0x000000001bdaa800 JavaThread "Cache worker for file content cache (C:\Users\Public\Documents\AndroidStudioProjects\NationalEscape\.gradle\4.4\fileContent)" [_thread_blocked, id=24720, stack(0x0000000027280000,0x0000000027380000)]
  0x000000001bda1800 JavaThread "build operations Thread 4" [_thread_blocked, id=8364, stack(0x0000000027180000,0x0000000027280000)]
  0x000000001bda8800 JavaThread "build operations Thread 3" [_thread_blocked, id=23960, stack(0x0000000027080000,0x0000000027180000)]
  0x000000001bda1000 JavaThread "build operations Thread 2" [_thread_blocked, id=18680, stack(0x0000000026f80000,0x0000000027080000)]
  0x000000001bda6000 JavaThread "build operations" [_thread_blocked, id=25556, stack(0x0000000026e80000,0x0000000026f80000)]
  0x000000001bda0000 JavaThread "Cache worker for Artifact transforms cache (C:\Users\ë°•íš¨ê·¼\.gradle\caches\transforms-1)" [_thread_blocked, id=17256, stack(0x0000000026d80000,0x0000000026e80000)]
  0x000000001bda7000 JavaThread "Cache worker for file hash cache (C:\Users\Public\Documents\AndroidStudioProjects\NationalEscape\.gradle\4.4\fileHashes)" [_thread_blocked, id=20068, stack(0x0000000026c80000,0x0000000026d80000)]
  0x000000001bda5800 JavaThread "Stdin handler" [_thread_blocked, id=996, stack(0x0000000026b80000,0x0000000026c80000)]
  0x000000001bd9e000 JavaThread "Asynchronous log dispatcher for DefaultDaemonConnection: socket connection from /127.0.0.1:60265 to /127.0.0.1:60456" [_thread_blocked, id=22572, stack(0x0000000026a80000,0x0000000026b80000)]
  0x000000001bda4800 JavaThread "Daemon worker Thread 2" [_thread_blocked, id=13648, stack(0x0000000026980000,0x0000000026a80000)]
  0x000000001bda2800 JavaThread "Cancel handler" [_thread_blocked, id=3572, stack(0x0000000026880000,0x0000000026980000)]
  0x000000001bd9f800 JavaThread "Handler for socket connection from /127.0.0.1:60265 to /127.0.0.1:60456" [_thread_in_native, id=16672, stack(0x0000000026780000,0x0000000026880000)]
  0x000000001bd9d000 JavaThread "Daemon Thread 2" [_thread_blocked, id=22996, stack(0x0000000026680000,0x0000000026780000)]
  0x000000001ebbd800 JavaThread "Memory manager" [_thread_blocked, id=24324, stack(0x0000000021db0000,0x0000000021eb0000)]
  0x000000001ebbc800 JavaThread "pool-1-thread-1" [_thread_blocked, id=24196, stack(0x0000000021ab0000,0x0000000021bb0000)]
  0x0000000018e17800 JavaThread "File lock request listener" [_thread_in_native, id=23188, stack(0x000000001b010000,0x000000001b110000)]
  0x0000000017f93800 JavaThread "Cache worker for file hash cache (C:\Users\ë°•íš¨ê·¼\.gradle\caches\4.4\fileHashes)" [_thread_blocked, id=18648, stack(0x000000001af10000,0x000000001b010000)]
  0x00000000192c1800 JavaThread "Daemon periodic checks" [_thread_blocked, id=16660, stack(0x000000001a410000,0x000000001a510000)]
  0x0000000019329800 JavaThread "Incoming local TCP Connector on port 60265" [_thread_in_native, id=7416, stack(0x000000001a240000,0x000000001a340000)]
  0x0000000017dc1000 JavaThread "Service Thread" daemon [_thread_blocked, id=17780, stack(0x0000000018650000,0x0000000018750000)]
  0x0000000017db3000 JavaThread "C1 CompilerThread2" daemon [_thread_blocked, id=5300, stack(0x0000000018550000,0x0000000018650000)]
  0x000000001699b800 JavaThread "C2 CompilerThread1" daemon [_thread_in_native, id=6952, stack(0x0000000018450000,0x0000000018550000)]
=>0x0000000016998000 JavaThread "C2 CompilerThread0" daemon [_thread_in_native, id=1388, stack(0x0000000018350000,0x0000000018450000)]
  0x0000000017d58800 JavaThread "Attach Listener" daemon [_thread_blocked, id=16408, stack(0x0000000018250000,0x0000000018350000)]
  0x0000000016952800 JavaThread "Signal Dispatcher" daemon [_thread_blocked, id=13492, stack(0x0000000018150000,0x0000000018250000)]
  0x0000000002f9c800 JavaThread "Finalizer" daemon [_thread_blocked, id=6444, stack(0x0000000017bb0000,0x0000000017cb0000)]
  0x0000000002f91800 JavaThread "Reference Handler" daemon [_thread_blocked, id=16556, stack(0x0000000017ab0000,0x0000000017bb0000)]
  0x0000000002e9e000 JavaThread "main" [_thread_blocked, id=20272, stack(0x0000000002d80000,0x0000000002e80000)]

Other Threads:
  0x0000000016906000 VMThread [stack: 0x00000000179b0000,0x0000000017ab0000] [id=2368]
  0x0000000017db6000 WatcherThread [stack: 0x0000000018750000,0x0000000018850000] [id=1928]

VM state:not at safepoint (normal execution)

VM Mutex/Monitor currently owned by a thread: None

Heap:
 PSYoungGen      total 418304K, used 110626K [0x00000000e0000000, 0x0000000100000000, 0x0000000100000000)
  eden space 378880K, 27% used [0x00000000e0000000,0x00000000e65325a8,0x00000000f7200000)
  from space 39424K, 17% used [0x00000000f7200000,0x00000000f78d6550,0x00000000f9880000)
  to   space 37888K, 0% used [0x00000000fdb00000,0x00000000fdb00000,0x0000000100000000)
 ParOldGen       total 126464K, used 80696K [0x00000000a0000000, 0x00000000a7b80000, 0x00000000e0000000)
  object space 126464K, 63% used [0x00000000a0000000,0x00000000a4ece258,0x00000000a7b80000)
 Metaspace       used 80210K, capacity 83634K, committed 83928K, reserved 1122304K
  class space    used 10262K, capacity 10942K, committed 11008K, reserved 1048576K

Card table byte_map: [0x0000000012370000,0x0000000012680000] byte_map_base: 0x0000000011e70000

Marking Bits: (ParMarkBitMap*) 0x0000000057b14970
 Begin Bits: [0x0000000012c80000, 0x0000000014480000)
 End Bits:   [0x0000000014480000, 0x0000000015c80000)

Polling page: 0x0000000002a20000

CodeCache: size=245760Kb used=50768Kb max_used=50785Kb free=194991Kb
 bounds [0x0000000002fb0000, 0x0000000006190000, 0x0000000011fb0000]
 total_blobs=15307 nmethods=14463 adapters=754
 compilation: enabled

Compilation events (10 events):
Event: 927.365 Thread 0x0000000017db3000 18095       3       java.util.concurrent.ForkJoinTask::doJoin (75 bytes)
Event: 927.366 Thread 0x0000000017db3000 nmethod 18095 0x000000000616f810 code [0x000000000616f9c0, 0x00000000061700d8]
Event: 927.541 Thread 0x0000000016998000 nmethod 17912 0x0000000006178210 code [0x0000000006178600, 0x000000000617d7e0]
Event: 927.542 Thread 0x0000000016998000 18096 %     4       java.util.TimSort::mergeLo @ 153 (659 bytes)
Event: 927.581 Thread 0x0000000016998000 nmethod 18096% 0x0000000006172190 code [0x0000000006172340, 0x00000000061736b8]
Event: 927.581 Thread 0x0000000016998000 18097 %     4       java.util.TimSort::mergeHi @ 191 (732 bytes)
Event: 927.619 Thread 0x0000000016998000 nmethod 18097% 0x0000000006185e10 code [0x0000000006185fc0, 0x0000000006187438]
Event: 927.619 Thread 0x0000000016998000 18098       4       java.util.TimSort::mergeLo (659 bytes)
Event: 927.669 Thread 0x0000000016998000 nmethod 18098 0x0000000006188090 code [0x0000000006188260, 0x0000000006189bb8]
Event: 927.669 Thread 0x0000000016998000 18099       4       java.util.TimSort::mergeHi (732 bytes)

GC Heap History (10 events):
Event: 170.369 GC heap before
{Heap before GC invocations=30 (full 3):
 PSYoungGen      total 270848K, used 270503K [0x00000000e0000000, 0x00000000f4700000, 0x0000000100000000)
  eden space 238592K, 99% used [0x00000000e0000000,0x00000000ee8aabb0,0x00000000ee900000)
  from space 32256K, 99% used [0x00000000f1000000,0x00000000f2f7f148,0x00000000f2f80000)
  to   space 39936K, 0% used [0x00000000ee900000,0x00000000ee900000,0x00000000f1000000)
 ParOldGen       total 126464K, used 60209K [0x00000000a0000000, 0x00000000a7b80000, 0x00000000e0000000)
  object space 126464K, 47% used [0x00000000a0000000,0x00000000a3acc448,0x00000000a7b80000)
 Metaspace       used 76219K, capacity 79200K, committed 79448K, reserved 1118208K
  class space    used 9912K, capacity 10539K, committed 10624K, reserved 1048576K
Event: 170.427 GC heap after
Heap after GC invocations=30 (full 3):
 PSYoungGen      total 278528K, used 28253K [0x00000000e0000000, 0x00000000f7d80000, 0x0000000100000000)
  eden space 238592K, 0% used [0x00000000e0000000,0x00000000e0000000,0x00000000ee900000)
  from space 39936K, 70% used [0x00000000ee900000,0x00000000f04974f0,0x00000000f1000000)
  to   space 43008K, 0% used [0x00000000f5380000,0x00000000f5380000,0x00000000f7d80000)
 ParOldGen       total 126464K, used 60217K [0x00000000a0000000, 0x00000000a7b80000, 0x00000000e0000000)
  object space 126464K, 47% used [0x00000000a0000000,0x00000000a3ace448,0x00000000a7b80000)
 Metaspace       used 76219K, capacity 79200K, committed 79448K, reserved 1118208K
  class space    used 9912K, capacity 10539K, committed 10624K, reserved 1048576K
}
Event: 883.487 GC heap before
{Heap before GC invocations=31 (full 3):
 PSYoungGen      total 278528K, used 266845K [0x00000000e0000000, 0x00000000f7d80000, 0x0000000100000000)
  eden space 238592K, 100% used [0x00000000e0000000,0x00000000ee900000,0x00000000ee900000)
  from space 39936K, 70% used [0x00000000ee900000,0x00000000f04974f0,0x00000000f1000000)
  to   space 43008K, 0% used [0x00000000f5380000,0x00000000f5380000,0x00000000f7d80000)
 ParOldGen       total 126464K, used 60217K [0x00000000a0000000, 0x00000000a7b80000, 0x00000000e0000000)
  object space 126464K, 47% used [0x00000000a0000000,0x00000000a3ace448,0x00000000a7b80000)
 Metaspace       used 79339K, capacity 82484K, committed 82648K, reserved 1120256K
  class space    used 10233K, capacity 10893K, committed 11008K, reserved 1048576K
Event: 883.527 GC heap after
Heap after GC invocations=31 (full 3):
 PSYoungGen      total 340480K, used 10380K [0x00000000e0000000, 0x00000000f7800000, 0x0000000100000000)
  eden space 303104K, 0% used [0x00000000e0000000,0x00000000e0000000,0x00000000f2800000)
  from space 37376K, 27% used [0x00000000f5380000,0x00000000f5da3128,0x00000000f7800000)
  to   space 40960K, 0% used [0x00000000f2800000,0x00000000f2800000,0x00000000f5000000)
 ParOldGen       total 126464K, used 71531K [0x00000000a0000000, 0x00000000a7b80000, 0x00000000e0000000)
  object space 126464K, 56% used [0x00000000a0000000,0x00000000a45dac80,0x00000000a7b80000)
 Metaspace       used 79339K, capacity 82484K, committed 82648K, reserved 1120256K
  class space    used 10233K, capacity 10893K, committed 11008K, reserved 1048576K
}
Event: 895.141 GC heap before
{Heap before GC invocations=32 (full 3):
 PSYoungGen      total 340480K, used 313484K [0x00000000e0000000, 0x00000000f7800000, 0x0000000100000000)
  eden space 303104K, 100% used [0x00000000e0000000,0x00000000f2800000,0x00000000f2800000)
  from space 37376K, 27% used [0x00000000f5380000,0x00000000f5da3128,0x00000000f7800000)
  to   space 40960K, 0% used [0x00000000f2800000,0x00000000f2800000,0x00000000f5000000)
 ParOldGen       total 126464K, used 71531K [0x00000000a0000000, 0x00000000a7b80000, 0x00000000e0000000)
  object space 126464K, 56% used [0x00000000a0000000,0x00000000a45dac80,0x00000000a7b80000)
 Metaspace       used 79465K, capacity 82654K, committed 82904K, reserved 1122304K
  class space    used 10237K, capacity 10900K, committed 11008K, reserved 1048576K
Event: 895.156 GC heap after
Heap after GC invocations=32 (full 3):
 PSYoungGen      total 344064K, used 3344K [0x00000000e0000000, 0x00000000fc480000, 0x0000000100000000)
  eden space 303104K, 0% used [0x00000000e0000000,0x00000000e0000000,0x00000000f2800000)
  from space 40960K, 8% used [0x00000000f2800000,0x00000000f2b44020,0x00000000f5000000)
  to   space 40448K, 0% used [0x00000000f9d00000,0x00000000f9d00000,0x00000000fc480000)
 ParOldGen       total 126464K, used 77535K [0x00000000a0000000, 0x00000000a7b80000, 0x00000000e0000000)
  object space 126464K, 61% used [0x00000000a0000000,0x00000000a4bb7ff0,0x00000000a7b80000)
 Metaspace       used 79465K, capacity 82654K, committed 82904K, reserved 1122304K
  class space    used 10237K, capacity 10900K, committed 11008K, reserved 1048576K
}
Event: 906.157 GC heap before
{Heap before GC invocations=33 (full 3):
 PSYoungGen      total 344064K, used 306448K [0x00000000e0000000, 0x00000000fc480000, 0x0000000100000000)
  eden space 303104K, 100% used [0x00000000e0000000,0x00000000f2800000,0x00000000f2800000)
  from space 40960K, 8% used [0x00000000f2800000,0x00000000f2b44020,0x00000000f5000000)
  to   space 40448K, 0% used [0x00000000f9d00000,0x00000000f9d00000,0x00000000fc480000)
 ParOldGen       total 126464K, used 77535K [0x00000000a0000000, 0x00000000a7b80000, 0x00000000e0000000)
  object space 126464K, 61% used [0x00000000a0000000,0x00000000a4bb7ff0,0x00000000a7b80000)
 Metaspace       used 79466K, capacity 82654K, committed 82904K, reserved 1122304K
  class space    used 10237K, capacity 10900K, committed 11008K, reserved 1048576K
Event: 906.164 GC heap after
Heap after GC invocations=33 (full 3):
 PSYoungGen      total 413696K, used 2960K [0x00000000e0000000, 0x00000000fbf00000, 0x0000000100000000)
  eden space 378880K, 0% used [0x00000000e0000000,0x00000000e0000000,0x00000000f7200000)
  from space 34816K, 8% used [0x00000000f9d00000,0x00000000f9fe4020,0x00000000fbf00000)
  to   space 39424K, 0% used [0x00000000f7200000,0x00000000f7200000,0x00000000f9880000)
 ParOldGen       total 126464K, used 77895K [0x00000000a0000000, 0x00000000a7b80000, 0x00000000e0000000)
  object space 126464K, 61% used [0x00000000a0000000,0x00000000a4c11ff0,0x00000000a7b80000)
 Metaspace       used 79466K, capacity 82654K, committed 82904K, reserved 1122304K
  class space    used 10237K, capacity 10900K, committed 11008K, reserved 1048576K
}
Event: 925.491 GC heap before
{Heap before GC invocations=34 (full 3):
 PSYoungGen      total 413696K, used 381610K [0x00000000e0000000, 0x00000000fbf00000, 0x0000000100000000)
  eden space 378880K, 99% used [0x00000000e0000000,0x00000000f71c6aa8,0x00000000f7200000)
  from space 34816K, 8% used [0x00000000f9d00000,0x00000000f9fe4020,0x00000000fbf00000)
  to   space 39424K, 0% used [0x00000000f7200000,0x00000000f7200000,0x00000000f9880000)
 ParOldGen       total 126464K, used 77895K [0x00000000a0000000, 0x00000000a7b80000, 0x00000000e0000000)
  object space 126464K, 61% used [0x00000000a0000000,0x00000000a4c11ff0,0x00000000a7b80000)
 Metaspace       used 80167K, capacity 83548K, committed 83672K, reserved 1122304K
  class space    used 10260K, capacity 10939K, committed 11008K, reserved 1048576K
Event: 925.570 GC heap after
Heap after GC invocations=34 (full 3):
 PSYoungGen      total 418304K, used 7001K [0x00000000e0000000, 0x0000000100000000, 0x0000000100000000)
  eden space 378880K, 0% used [0x00000000e0000000,0x00000000e0000000,0x00000000f7200000)
  from space 39424K, 17% used [0x00000000f7200000,0x00000000f78d6550,0x00000000f9880000)
  to   space 37888K, 0% used [0x00000000fdb00000,0x00000000fdb00000,0x0000000100000000)
 ParOldGen       total 126464K, used 80696K [0x00000000a0000000, 0x00000000a7b80000, 0x00000000e0000000)
  object space 126464K, 63% used [0x00000000a0000000,0x00000000a4ece258,0x00000000a7b80000)
 Metaspace       used 80167K, capacity 83548K, committed 83672K, reserved 1122304K
  class space    used 10260K, capacity 10939K, committed 11008K, reserved 1048576K
}

Deoptimization events (10 events):
Event: 924.861 Thread 0x000000001bd83800 Uncommon trap: reason=bimorphic action=maybe_recompile pc=0x00000000047392e8 method=java.util.Spliterators$IteratorSpliterator.forEachRemaining(Ljava/util/function/Consumer;)V @ 52
Event: 924.946 Thread 0x000000001bd85800 Uncommon trap: reason=unstable_if action=reinterpret pc=0x0000000005de55c0 method=java.util.concurrent.locks.ReentrantLock$Sync.nonfairTryAcquire(I)Z @ 19
Event: 925.176 Thread 0x000000001bd89800 Uncommon trap: reason=class_check action=maybe_recompile pc=0x0000000005657458 method=com.android.tools.r8.ir.conversion.IRBuilder.addInstruction(Lcom/android/tools/r8/ir/code/Instruction;Lcom/android/tools/r8/ir/code/Position;)V @ 99
Event: 925.176 Thread 0x000000001bd89800 Uncommon trap: reason=class_check action=maybe_recompile pc=0x0000000005657458 method=com.android.tools.r8.ir.conversion.IRBuilder.addInstruction(Lcom/android/tools/r8/ir/code/Instruction;Lcom/android/tools/r8/ir/code/Position;)V @ 99
Event: 925.177 Thread 0x000000001bd89800 Uncommon trap: reason=class_check action=maybe_recompile pc=0x0000000005657458 method=com.android.tools.r8.ir.conversion.IRBuilder.addInstruction(Lcom/android/tools/r8/ir/code/Instruction;Lcom/android/tools/r8/ir/code/Position;)V @ 99
Event: 925.177 Thread 0x000000001bd89800 Uncommon trap: reason=class_check action=maybe_recompile pc=0x0000000005657458 method=com.android.tools.r8.ir.conversion.IRBuilder.addInstruction(Lcom/android/tools/r8/ir/code/Instruction;Lcom/android/tools/r8/ir/code/Position;)V @ 99
Event: 925.348 Thread 0x000000001bd89800 Uncommon trap: reason=class_check action=maybe_recompile pc=0x00000000056739d8 method=com.android.tools.r8.ir.regalloc.LinearScanRegisterAllocator.useRegisterHint(Lcom/android/tools/r8/ir/regalloc/LiveIntervals;ILcom/android/tools/r8/ir/regalloc/RegisterP
Event: 925.405 Thread 0x000000001bd88800 Uncommon trap: reason=predicate action=maybe_recompile pc=0x00000000052a6efc method=java.util.TimSort.mergeHi(IIII)V @ 191
Event: 925.405 Thread 0x000000001bd88800 Uncommon trap: reason=predicate action=maybe_recompile pc=0x00000000059b1d70 method=java.util.TimSort.mergeLo(IIII)V @ 153
Event: 927.206 Thread 0x000000001bd85800 Uncommon trap: reason=unloaded action=reinterpret pc=0x00000000058fca24 method=com.android.tools.r8.code.BaseInstructionFactory.create(IILcom/android/tools/r8/code/BytecodeStream;Lcom/android/tools/r8/graph/OffsetToObjectMapping;)Lcom/android/tools/r8/cod

Classes redefined (0 events):
No events

Internal exceptions (10 events):
Event: 925.793 Thread 0x000000001bd88000 Exception <a 'sun/nio/fs/WindowsException'> (0x00000000e02b45e0) thrown at [D:\src\AOSP-openjdk-cygwin\jdk8u\hotspot\src\share\vm\prims\jni.cpp, line 709]
Event: 925.872 Thread 0x000000001bd89800 Exception <a 'sun/nio/fs/WindowsException'> (0x00000000e05d28a8) thrown at [D:\src\AOSP-openjdk-cygwin\jdk8u\hotspot\src\share\vm\prims\jni.cpp, line 709]
Event: 925.973 Thread 0x000000001bd88800 Exception <a 'sun/nio/fs/WindowsException'> (0x00000000e01743e8) thrown at [D:\src\AOSP-openjdk-cygwin\jdk8u\hotspot\src\share\vm\prims\jni.cpp, line 709]
Event: 926.001 Thread 0x000000001bd86800 Exception <a 'sun/nio/fs/WindowsException'> (0x00000000e0249870) thrown at [D:\src\AOSP-openjdk-cygwin\jdk8u\hotspot\src\share\vm\prims\jni.cpp, line 709]
Event: 926.004 Thread 0x000000001bd89800 Exception <a 'sun/nio/fs/WindowsException'> (0x00000000e061a340) thrown at [D:\src\AOSP-openjdk-cygwin\jdk8u\hotspot\src\share\vm\prims\jni.cpp, line 709]
Event: 926.005 Thread 0x000000001bd88000 Exception <a 'sun/nio/fs/WindowsException'> (0x00000000e02bafc0) thrown at [D:\src\AOSP-openjdk-cygwin\jdk8u\hotspot\src\share\vm\prims\jni.cpp, line 709]
Event: 926.026 Thread 0x000000001bd88800 Exception <a 'sun/nio/fs/WindowsException'> (0x00000000e017adc8) thrown at [D:\src\AOSP-openjdk-cygwin\jdk8u\hotspot\src\share\vm\prims\jni.cpp, line 709]
Event: 926.048 Thread 0x000000001bd88800 Exception <a 'sun/nio/fs/WindowsException'> (0x00000000e0822d30) thrown at [D:\src\AOSP-openjdk-cygwin\jdk8u\hotspot\src\share\vm\prims\jni.cpp, line 709]
Event: 926.053 Thread 0x000000001bd86800 Exception <a 'sun/nio/fs/WindowsException'> (0x00000000e0250250) thrown at [D:\src\AOSP-openjdk-cygwin\jdk8u\hotspot\src\share\vm\prims\jni.cpp, line 709]
Event: 926.734 Thread 0x000000001bd87000 Exception <a 'sun/nio/fs/WindowsException'> (0x00000000e197bf78) thrown at [D:\src\AOSP-openjdk-cygwin\jdk8u\hotspot\src\share\vm\prims\jni.cpp, line 709]

Events (10 events):
Event: 927.386 Thread 0x000000001bd87000 DEOPT PACKING pc=0x0000000005911542 sp=0x000000002807e500
Event: 927.386 Thread 0x000000001bd87000 DEOPT UNPACKING pc=0x0000000002ff75d0 sp=0x000000002807e260 mode 0
Event: 927.609 Thread 0x000000001bd87000 DEOPT PACKING pc=0x0000000005910017 sp=0x000000002807e610
Event: 927.609 Thread 0x000000001bd87000 DEOPT UNPACKING pc=0x0000000002ff75d0 sp=0x000000002807e3b0 mode 0
Event: 927.620 Thread 0x000000001bd87000 DEOPT PACKING pc=0x0000000005911542 sp=0x000000002807e500
Event: 927.620 Thread 0x000000001bd87000 DEOPT UNPACKING pc=0x0000000002ff75d0 sp=0x000000002807e260 mode 0
Event: 927.678 Thread 0x000000001bd87000 DEOPT PACKING pc=0x0000000005910017 sp=0x000000002807e610
Event: 927.678 Thread 0x000000001bd87000 DEOPT UNPACKING pc=0x0000000002ff75d0 sp=0x000000002807e3b0 mode 0
Event: 927.693 Thread 0x000000001bd87000 DEOPT PACKING pc=0x0000000005911542 sp=0x000000002807e500
Event: 927.693 Thread 0x000000001bd87000 DEOPT UNPACKING pc=0x0000000002ff75d0 sp=0x000000002807e260 mode 0


Dynamic libraries:
0x00007ff799d60000 - 0x00007ff799d91000 	C:\Program Files\Android\Android Studio\jre\bin\java.exe
0x00007fff1df90000 - 0x00007fff1e171000 	C:\WINDOWS\SYSTEM32\ntdll.dll
0x00007fff1bad0000 - 0x00007fff1bb82000 	C:\WINDOWS\System32\KERNEL32.DLL
0x00007fff1a430000 - 0x00007fff1a6a3000 	C:\WINDOWS\System32\KERNELBASE.dll
0x00007fff1b420000 - 0x00007fff1b4c1000 	C:\WINDOWS\System32\ADVAPI32.dll
0x00007fff1b570000 - 0x00007fff1b60e000 	C:\WINDOWS\System32\msvcrt.dll
0x00007fff1de80000 - 0x00007fff1dedb000 	C:\WINDOWS\System32\sechost.dll
0x00007fff1d9b0000 - 0x00007fff1dad4000 	C:\WINDOWS\System32\RPCRT4.dll
0x00007fff1b940000 - 0x00007fff1bad0000 	C:\WINDOWS\System32\USER32.dll
0x00007fff1a410000 - 0x00007fff1a430000 	C:\WINDOWS\System32\win32u.dll
0x00007fff1dd50000 - 0x00007fff1dd78000 	C:\WINDOWS\System32\GDI32.dll
0x00007fff1af70000 - 0x00007fff1b102000 	C:\WINDOWS\System32\gdi32full.dll
0x00007fff1b380000 - 0x00007fff1b41f000 	C:\WINDOWS\System32\msvcp_win.dll
0x00007fff1a6b0000 - 0x00007fff1a7aa000 	C:\WINDOWS\System32\ucrtbase.dll
0x00007fff06a20000 - 0x00007fff06c89000 	C:\WINDOWS\WinSxS\amd64_microsoft.windows.common-controls_6595b64144ccf1df_6.0.17134.345_none_fb429a5930656358\COMCTL32.dll
0x00007fff1b610000 - 0x00007fff1b933000 	C:\WINDOWS\System32\combase.dll
0x00007fff1b110000 - 0x00007fff1b18a000 	C:\WINDOWS\System32\bcryptPrimitives.dll
0x00007fff1b4d0000 - 0x00007fff1b4fd000 	C:\WINDOWS\System32\IMM32.DLL
0x0000000057160000 - 0x0000000057232000 	C:\Program Files\Android\Android Studio\jre\jre\bin\msvcr100.dll
0x0000000057350000 - 0x0000000057b8f000 	C:\Program Files\Android\Android Studio\jre\jre\bin\server\jvm.dll
0x00007fff1db40000 - 0x00007fff1db48000 	C:\WINDOWS\System32\PSAPI.DLL
0x00007fff17120000 - 0x00007fff17143000 	C:\WINDOWS\SYSTEM32\WINMM.dll
0x00007fff0d0f0000 - 0x00007fff0d0fa000 	C:\WINDOWS\SYSTEM32\VERSION.dll
0x00007fff170f0000 - 0x00007fff1711a000 	C:\WINDOWS\SYSTEM32\WINMMBASE.dll
0x00007fff1a7b0000 - 0x00007fff1a7f9000 	C:\WINDOWS\System32\cfgmgr32.dll
0x00007fff10880000 - 0x00007fff10889000 	C:\WINDOWS\SYSTEM32\WSOCK32.dll
0x00007fff1b500000 - 0x00007fff1b56c000 	C:\WINDOWS\System32\ws2_32.DLL
0x00007fff0d350000 - 0x00007fff0d35f000 	C:\Program Files\Android\Android Studio\jre\jre\bin\verify.dll
0x00007fff0d290000 - 0x00007fff0d2b9000 	C:\Program Files\Android\Android Studio\jre\jre\bin\java.dll
0x00007fff0d270000 - 0x00007fff0d286000 	C:\Program Files\Android\Android Studio\jre\jre\bin\zip.dll
0x00007fff1bba0000 - 0x00007fff1cfdf000 	C:\WINDOWS\System32\SHELL32.dll
0x00007fff1cfe0000 - 0x00007fff1d089000 	C:\WINDOWS\System32\shcore.dll
0x00007fff1a860000 - 0x00007fff1af6d000 	C:\WINDOWS\System32\windows.storage.dll
0x00007fff1d090000 - 0x00007fff1d0e1000 	C:\WINDOWS\System32\shlwapi.dll
0x00007fff1a320000 - 0x00007fff1a331000 	C:\WINDOWS\System32\kernel.appcore.dll
0x00007fff1a300000 - 0x00007fff1a31f000 	C:\WINDOWS\System32\profapi.dll
0x00007fff1a2a0000 - 0x00007fff1a2ec000 	C:\WINDOWS\System32\powrprof.dll
0x00007fff1a2f0000 - 0x00007fff1a2fa000 	C:\WINDOWS\System32\FLTLIB.DLL
0x00007fff0d250000 - 0x00007fff0d26a000 	C:\Program Files\Android\Android Studio\jre\jre\bin\net.dll
0x00007fff19ac0000 - 0x00007fff19b26000 	C:\WINDOWS\system32\mswsock.dll
0x00007fff0d110000 - 0x00007fff0d121000 	C:\Program Files\Android\Android Studio\jre\jre\bin\nio.dll
0x00007fff00b30000 - 0x00007fff00b4e000 	C:\Users\¹ÚÈ¿±Ù\.gradle\native\25\windows-amd64\native-platform.dll
0x00007fff0f260000 - 0x00007fff0f26d000 	C:\Program Files\Android\Android Studio\jre\jre\bin\management.dll
0x00007fff19c70000 - 0x00007fff19c87000 	C:\WINDOWS\SYSTEM32\CRYPTSP.dll
0x00007fff196a0000 - 0x00007fff196d3000 	C:\WINDOWS\system32\rsaenh.dll
0x00007fff19da0000 - 0x00007fff19dc5000 	C:\WINDOWS\SYSTEM32\bcrypt.dll
0x00007fff1a1a0000 - 0x00007fff1a1c8000 	C:\WINDOWS\SYSTEM32\USERENV.dll
0x00007fff19c90000 - 0x00007fff19c9b000 	C:\WINDOWS\SYSTEM32\CRYPTBASE.dll
0x00007fff19840000 - 0x00007fff19878000 	C:\WINDOWS\SYSTEM32\IPHLPAPI.DLL
0x00007fff1dd80000 - 0x00007fff1dd88000 	C:\WINDOWS\System32\NSI.dll
0x00007fff118a0000 - 0x00007fff118b6000 	C:\WINDOWS\SYSTEM32\dhcpcsvc6.DLL
0x00007fff11a10000 - 0x00007fff11a2a000 	C:\WINDOWS\SYSTEM32\dhcpcsvc.DLL
0x00007fff19390000 - 0x00007fff193c1000 	C:\WINDOWS\SYSTEM32\ntmarta.dll

VM Arguments:
jvm_args: -Xmx1536m -Dfile.encoding=x-windows-949 -Duser.country=KR -Duser.language=ko -Duser.variant 
java_command: org.gradle.launcher.daemon.bootstrap.GradleDaemon 4.4
java_class_path (initial): C:\Users\¹ÚÈ¿±Ù\.gradle\wrapper\dists\gradle-4.4-all\9br9xq1tocpiv8o6njlyu5op1\gradle-4.4\lib\gradle-launcher-4.4.jar
Launcher Type: SUN_STANDARD

Environment Variables:
PATH=C:\ProgramData\Oracle\Java\javapath;C:\WINDOWS\system32;C:\WINDOWS;C:\WINDOWS\System32\Wbem;C:\WINDOWS\System32\WindowsPowerShell\v1.0\;C:\Program Files\Java\jdk1.8.0_91\bin;C:\Program Files\Git\cmd;C:\Program Files (x86)\ePapyrus\Papyrus-PlugIn-ntas;C:\Program Files (x86)\ePapyrus\Papyrus-PlugIn-ntas\Addins;C:\Program Files\apache-maven-3.5.0\bin;C:\Program Files\Microsoft SQL Server\130\Tools\Binn\;C:\Program Files\dotnet\;C:\Program Files (x86)\Brackets\command;C:\Users\¹ÚÈ¿±Ù\AppData\Local\Programs\Python\Python36-32\python.exe;C:\Program Files (x86)\PuTTY\;C:\Program Files\PuTTY\;C:\Program Files\openssl-0.9.8e_X64\bin;;C:\WINDOWS\System32\OpenSSH\;C:\Program Files\nodejs\;C:\Python\Anaconda3\Scripts\;C:\Python\Anaconda3\;C:\Users\¹ÚÈ¿±Ù\AppData\Local\Programs\Python\Python35\Scripts\;C:\Users\¹ÚÈ¿±Ù\AppData\Local\Programs\Python\Python35\;C:\Python\Scripts\;C:\Python\;C:\Users\¹ÚÈ¿±Ù\AppData\Local\Microsoft\WindowsApps;C:\Users\¹ÚÈ¿±Ù\AppData\Roaming\npm
USERNAME=¹ÚÈ¿±Ù
OS=Windows_NT
PROCESSOR_IDENTIFIER=Intel64 Family 6 Model 78 Stepping 3, GenuineIntel



---------------  S Y S T E M  ---------------

OS: Windows 10.0 , 64 bit Build 17134 (10.0.17134.1)

CPU:total 4 (initial active 4) (2 cores per cpu, 2 threads per core) family 6 model 78 stepping 3, cmov, cx8, fxsr, mmx, sse, sse2, sse3, ssse3, sse4.1, sse4.2, popcnt, avx, avx2, aes, clmul, erms, 3dnowpref, lzcnt, ht, tsc, tscinvbit, bmi1, bmi2, adx

Memory: 4k page, physical 7392076k(822616k free), swap 30460748k(3132k free)

vm_info: OpenJDK 64-Bit Server VM (25.152-b02) for windows-amd64 JRE (1.8.0_152-release-1024-b02), built by "builder" with MS VC++ 10.0 (VS2010)

time: Thu Nov 01 10:41:09 2018
elapsed time: 927 seconds (0d 0h 15m 27s)

